<?xml version="1.0" encoding="UTF-8"?>
<!-- Generated by org.testng.reporters.JUnitReportReporter -->
<testsuite hostname="Sonu" failures="0" tests="3" name="com.dataDriven.DataFromExcel" time="46.898" errors="0" timestamp="2024-08-26T13:03:30 IST" skipped="0">
  <testcase classname="com.dataDriven.DataFromExcel" name="getDatafromexcel" time="20.469"/>
  <system-out/>
  <testcase classname="com.dataDriven.DataFromExcel" name="getDatafromexcel" time="14.089"/>
  <system-out/>
  <testcase classname="com.dataDriven.DataFromExcel" name="getDatafromexcel" time="12.340"/>
  <system-out/>
</testsuite> <!-- com.dataDriven.DataFromExcel -->
