<?xml version="1.0" encoding="UTF-8"?>
<!-- Generated by org.testng.reporters.JUnitReportReporter -->
<testsuite hostname="Sonu" failures="0" tests="1" name="com.mystore.testcases.AddToCartPageTest" time="28.494" errors="0" timestamp="2024-08-25T14:09:04 IST" skipped="0">
  <testcase classname="com.mystore.testcases.AddToCartPageTest" name="addToCartTest" time="28.494"/>
  <system-out/>
</testsuite> <!-- com.mystore.testcases.AddToCartPageTest -->
