<?xml version="1.0" encoding="UTF-8"?>
<!-- Generated by org.testng.reporters.JUnitReportReporter -->
<testsuite hostname="Sonu" failures="0" tests="3" name="com.dataDriven.DataDrivenTest" time="82.376" errors="0" timestamp="2024-08-26T02:08:52 IST" skipped="0">
  <testcase classname="com.dataDriven.DataDrivenTest" name="loginTest" time="5.274"/>
  <system-out/>
  <testcase classname="com.dataDriven.DataDrivenTest" name="loginTest" time="7.580"/>
  <system-out/>
  <testcase classname="com.dataDriven.DataDrivenTest" name="loginTest" time="69.522"/>
  <system-out/>
</testsuite> <!-- com.dataDriven.DataDrivenTest -->
