<?xml version="1.0" encoding="UTF-8"?>
<!-- Generated by org.testng.reporters.JUnitReportReporter -->
<testsuite hostname="Sonu" failures="0" tests="1" name="my.readexcel.ReadExcel" time="0.403" errors="0" timestamp="2024-08-25T19:53:06 IST" skipped="0">
  <testcase classname="my.readexcel.ReadExcel" name="readExcel" time="0.403"/>
  <system-out/>
</testsuite> <!-- my.readexcel.ReadExcel -->
