<?xml version="1.0" encoding="UTF-8"?>
<!-- Generated by org.testng.reporters.JUnitReportReporter -->
<testsuite hostname="Sonu" failures="0" tests="1" name="my.readexcel.ReadExcelTest" time="0.569" errors="0" timestamp="2024-08-25T20:04:55 IST" skipped="0">
  <testcase classname="my.readexcel.ReadExcelTest" name="readExcelTest" time="0.569"/>
  <system-out/>
</testsuite> <!-- my.readexcel.ReadExcelTest -->
