<?xml version="1.0" encoding="UTF-8"?>
<!-- Generated by org.testng.reporters.JUnitReportReporter -->
<testsuite hostname="Sonu" failures="0" tests="1" name="com.mystore.testcases.Rough" time="0.006" errors="0" timestamp="2024-08-26T19:41:37 IST" skipped="0">
  <testcase classname="com.mystore.testcases.Rough" name="method3" time="0.006"/>
  <system-out/>
</testsuite> <!-- com.mystore.testcases.Rough -->
