<?xml version="1.0" encoding="UTF-8"?>
<!-- Generated by org.testng.reporters.JUnitReportReporter -->
<testsuite hostname="Sonu" failures="0" tests="2" name="com.mystore.testcases.HomePageTest" time="0.003" errors="0" timestamp="2024-08-26T19:14:42 IST" skipped="0">
  <testcase classname="com.mystore.testcases.HomePageTest" name="orderHistoryDetailTest" time="0.002"/>
  <system-out/>
  <testcase classname="com.mystore.testcases.HomePageTest" name="wishListTest" time="0.001"/>
  <system-out/>
</testsuite> <!-- com.mystore.testcases.HomePageTest -->
