<?xml version="1.0" encoding="UTF-8"?>
<!-- Generated by org.testng.reporters.JUnitReportReporter -->
<testsuite hostname="Sonu" failures="0" tests="1" name="my.readexcel.WriteExcelTest" time="0.544" errors="0" timestamp="2024-08-25T20:42:11 IST" skipped="0">
  <testcase classname="my.readexcel.WriteExcelTest" name="writeExcelTest" time="0.544"/>
  <system-out/>
</testsuite> <!-- my.readexcel.WriteExcelTest -->
