<?xml version="1.0" encoding="UTF-8"?>
<!-- Generated by org.testng.reporters.JUnitReportReporter -->
<testsuite hostname="Sonu" failures="0" tests="6" name="com.mystore.utility.ExcelTest" time="0.111" errors="0" timestamp="2024-08-25T21:50:16 IST" skipped="5">
  <testcase classname="com.mystore.utility.ExcelTest" name="testcase6" time="0.111"/>
  <system-out/>
  <testcase classname="com.mystore.utility.ExcelTest" name="testcase3">
    <skipped/>
  </testcase> <!-- testcase3 -->
  <system-out/>
  <testcase classname="com.mystore.utility.ExcelTest" name="testcase1">
    <skipped/>
  </testcase> <!-- testcase1 -->
  <system-out/>
  <testcase classname="com.mystore.utility.ExcelTest" name="testcase4">
    <skipped/>
  </testcase> <!-- testcase4 -->
  <system-out/>
  <testcase classname="com.mystore.utility.ExcelTest" name="testcase2">
    <skipped/>
  </testcase> <!-- testcase2 -->
  <system-out/>
  <testcase classname="com.mystore.utility.ExcelTest" name="testcase5">
    <skipped/>
  </testcase> <!-- testcase5 -->
  <system-out/>
</testsuite> <!-- com.mystore.utility.ExcelTest -->
