<?xml version="1.0" encoding="UTF-8"?>
<!-- Generated by org.testng.reporters.JUnitReportReporter -->
<testsuite hostname="Sonu" failures="0" tests="1" name="com.mystore.testcases.OrderPageTest" time="126.513" errors="0" timestamp="2024-08-25T12:50:41 IST" skipped="0">
  <testcase classname="com.mystore.testcases.OrderPageTest" name="addToCartTest" time="126.513"/>
  <system-out/>
</testsuite> <!-- com.mystore.testcases.OrderPageTest -->
